app-cementerioV5/CementerioApp/app/build/intermediates/manifest_merge_blame_file/debug/manifest-merger-blame-debug-report.txt
1<?xml version="1.0" encoding="utf-8"?>
2<manifest xmlns:android="http://schemas.android.com/apk/res/android"
3    package="com.corrales.cementerio"
4    android:versionCode="2"
5    android:versionName="2.0" >
6
7    <uses-sdk
8        android:minSdkVersion="26"
9        android:targetSdkVersion="34" />
10
11    <uses-permission android:name="android.permission.INTERNET" />
11-->src\main\AndroidManifest.xml:4:5-67
11-->src\main\AndroidManifest.xml:4:22-64
12    <uses-permission android:name="android.permission.CAMERA" />
12-->src\main\AndroidManifest.xml:5:5-65
12-->src\main\AndroidManifest.xml:5:22-62
13    <uses-permission android:name="android.permission.ACCESS_FINE_LOCATION" />
13-->src\main\AndroidManifest.xml:6:5-79
13-->src\main\AndroidManifest.xml:6:22-76
14    <uses-permission android:name="android.permission.ACCESS_COARSE_LOCATION" />
14-->src\main\AndroidManifest.xml:7:5-81
14-->src\main\AndroidManifest.xml:7:22-78
15
16    <uses-feature
16-->src\main\AndroidManifest.xml:8:5-85
17        android:name="android.hardware.camera"
17-->src\main\AndroidManifest.xml:8:19-57
18        android:required="false" />
18-->src\main\AndroidManifest.xml:8:58-82
19
20    <!-- Include required permissions for Google Maps API to run. -->
21    <uses-permission android:name="android.permission.ACCESS_NETWORK_STATE" />
21-->[com.google.android.gms:play-services-maps:18.2.0] AndroidManifest.xml:23:5-79
21-->[com.google.android.gms:play-services-maps:18.2.0] AndroidManifest.xml:23:22-76
22
23    <uses-feature
23-->[com.google.android.gms:play-services-maps:18.2.0] AndroidManifest.xml:26:5-28:35
24        android:glEsVersion="0x00020000"
24-->[com.google.android.gms:play-services-maps:18.2.0] AndroidManifest.xml:27:9-41
25        android:required="true" />
25-->[com.google.android.gms:play-services-maps:18.2.0] AndroidManifest.xml:28:9-32
26
27    <queries>
27-->[com.google.android.gms:play-services-maps:18.2.0] AndroidManifest.xml:30:5-34:15
28
29        <!-- Needs to be explicitly declared on Android R+ -->
30        <package android:name="com.google.android.apps.maps" />
30-->[com.google.android.gms:play-services-maps:18.2.0] AndroidManifest.xml:33:9-64
30-->[com.google.android.gms:play-services-maps:18.2.0] AndroidManifest.xml:33:18-61
31    </queries>
32
33    <permission
33-->[androidx.core:core:1.12.0] AndroidManifest.xml:22:5-24:47
34        android:name="com.corrales.cementerio.DYNAMIC_RECEIVER_NOT_EXPORTED_PERMISSION"
34-->[androidx.core:core:1.12.0] AndroidManifest.xml:23:9-81
35        android:protectionLevel="signature" />
35-->[androidx.core:core:1.12.0] AndroidManifest.xml:24:9-44
36
37    <uses-permission android:name="com.corrales.cementerio.DYNAMIC_RECEIVER_NOT_EXPORTED_PERMISSION" />
37-->[androidx.core:core:1.12.0] AndroidManifest.xml:26:5-97
37-->[androidx.core:core:1.12.0] AndroidManifest.xml:26:22-94
38
39    <application
39-->src\main\AndroidManifest.xml:10:5-44:19
40        android:allowBackup="true"
40-->src\main\AndroidManifest.xml:11:9-35
41        android:appComponentFactory="androidx.core.app.CoreComponentFactory"
41-->[androidx.core:core:1.12.0] AndroidManifest.xml:28:18-86
42        android:debuggable="true"
43        android:extractNativeLibs="false"
44        android:icon="@drawable/ic_launcher"
44-->src\main\AndroidManifest.xml:12:9-45
45        android:label="@string/app_name"
45-->src\main\AndroidManifest.xml:13:9-41
46        android:roundIcon="@drawable/ic_launcher_round"
46-->src\main\AndroidManifest.xml:14:9-56
47        android:supportsRtl="true"
47-->src\main\AndroidManifest.xml:15:9-35
48        android:testOnly="true"
49        android:theme="@style/Theme.Cementerio"
49-->src\main\AndroidManifest.xml:16:9-48
50        android:usesCleartextTraffic="true" >
50-->src\main\AndroidManifest.xml:17:9-44
51
52        <!-- Google Maps API Key -->
53        <meta-data
54            android:name="com.google.android.geo.API_KEY"
54-->src\main\AndroidManifest.xml:21:13-58
55            android:value="YOUR_API_KEY_HERE" />
55-->src\main\AndroidManifest.xml:22:13-44
56
57        <activity
57-->src\main\AndroidManifest.xml:24:9-32:20
58            android:name="com.corrales.cementerio.MainActivity"
58-->src\main\AndroidManifest.xml:25:13-41
59            android:exported="true"
59-->src\main\AndroidManifest.xml:26:13-36
60            android:windowSoftInputMode="adjustResize" >
60-->src\main\AndroidManifest.xml:27:13-55
61            <intent-filter>
61-->src\main\AndroidManifest.xml:28:13-31:29
62                <action android:name="android.intent.action.MAIN" />
62-->src\main\AndroidManifest.xml:29:17-69
62-->src\main\AndroidManifest.xml:29:25-66
63
64                <category android:name="android.intent.category.LAUNCHER" />
64-->src\main\AndroidManifest.xml:30:17-77
64-->src\main\AndroidManifest.xml:30:27-74
65            </intent-filter>
66        </activity>
67
68        <provider
69            android:name="androidx.core.content.FileProvider"
69-->src\main\AndroidManifest.xml:35:13-62
70            android:authorities="com.corrales.cementerio.fileprovider"
70-->src\main\AndroidManifest.xml:36:13-64
71            android:exported="false"
71-->src\main\AndroidManifest.xml:37:13-37
72            android:grantUriPermissions="true" >
72-->src\main\AndroidManifest.xml:38:13-47
73            <meta-data
73-->src\main\AndroidManifest.xml:39:13-41:54
74                android:name="android.support.FILE_PROVIDER_PATHS"
74-->src\main\AndroidManifest.xml:40:17-67
75                android:resource="@xml/file_paths" />
75-->src\main\AndroidManifest.xml:41:17-51
76        </provider>
77
78        <!-- Needs to be explicitly declared on P+ -->
79        <uses-library
79-->[com.google.android.gms:play-services-maps:18.2.0] AndroidManifest.xml:39:9-41:40
80            android:name="org.apache.http.legacy"
80-->[com.google.android.gms:play-services-maps:18.2.0] AndroidManifest.xml:40:13-50
81            android:required="false" />
81-->[com.google.android.gms:play-services-maps:18.2.0] AndroidManifest.xml:41:13-37
82
83        <activity
83-->[com.google.android.gms:play-services-base:18.0.1] AndroidManifest.xml:20:9-22:45
84            android:name="com.google.android.gms.common.api.GoogleApiActivity"
84-->[com.google.android.gms:play-services-base:18.0.1] AndroidManifest.xml:20:19-85
85            android:exported="false"
85-->[com.google.android.gms:play-services-base:18.0.1] AndroidManifest.xml:22:19-43
86            android:theme="@android:style/Theme.Translucent.NoTitleBar" />
86-->[com.google.android.gms:play-services-base:18.0.1] AndroidManifest.xml:21:19-78
87
88        <meta-data
88-->[com.google.android.gms:play-services-basement:18.0.0] AndroidManifest.xml:21:9-23:69
89            android:name="com.google.android.gms.version"
89-->[com.google.android.gms:play-services-basement:18.0.0] AndroidManifest.xml:22:13-58
90            android:value="@integer/google_play_services_version" />
90-->[com.google.android.gms:play-services-basement:18.0.0] AndroidManifest.xml:23:13-66
91
92        <activity
92-->[androidx.compose.ui:ui-tooling-android:1.6.1] AndroidManifest.xml:23:9-25:39
93            android:name="androidx.compose.ui.tooling.PreviewActivity"
93-->[androidx.compose.ui:ui-tooling-android:1.6.1] AndroidManifest.xml:24:13-71
94            android:exported="true" />
94-->[androidx.compose.ui:ui-tooling-android:1.6.1] AndroidManifest.xml:25:13-36
95
96        <provider
96-->[androidx.emoji2:emoji2:1.3.0] AndroidManifest.xml:24:9-32:20
97            android:name="androidx.startup.InitializationProvider"
97-->[androidx.emoji2:emoji2:1.3.0] AndroidManifest.xml:25:13-67
98            android:authorities="com.corrales.cementerio.androidx-startup"
98-->[androidx.emoji2:emoji2:1.3.0] AndroidManifest.xml:26:13-68
99            android:exported="false" >
99-->[androidx.emoji2:emoji2:1.3.0] AndroidManifest.xml:27:13-37
100            <meta-data
100-->[androidx.emoji2:emoji2:1.3.0] AndroidManifest.xml:29:13-31:52
101                android:name="androidx.emoji2.text.EmojiCompatInitializer"
101-->[androidx.emoji2:emoji2:1.3.0] AndroidManifest.xml:30:17-75
102                android:value="androidx.startup" />
102-->[androidx.emoji2:emoji2:1.3.0] AndroidManifest.xml:31:17-49
103            <meta-data
103-->[androidx.lifecycle:lifecycle-process:2.7.0] AndroidManifest.xml:29:13-31:52
104                android:name="androidx.lifecycle.ProcessLifecycleInitializer"
104-->[androidx.lifecycle:lifecycle-process:2.7.0] AndroidManifest.xml:30:17-78
105                android:value="androidx.startup" />
105-->[androidx.lifecycle:lifecycle-process:2.7.0] AndroidManifest.xml:31:17-49
106            <meta-data
106-->[androidx.profileinstaller:profileinstaller:1.3.0] AndroidManifest.xml:29:13-31:52
107                android:name="androidx.profileinstaller.ProfileInstallerInitializer"
107-->[androidx.profileinstaller:profileinstaller:1.3.0] AndroidManifest.xml:30:17-85
108                android:value="androidx.startup" />
108-->[androidx.profileinstaller:profileinstaller:1.3.0] AndroidManifest.xml:31:17-49
109        </provider>
110
111        <receiver
111-->[androidx.profileinstaller:profileinstaller:1.3.0] AndroidManifest.xml:34:9-52:20
112            android:name="androidx.profileinstaller.ProfileInstallReceiver"
112-->[androidx.profileinstaller:profileinstaller:1.3.0] AndroidManifest.xml:35:13-76
113            android:directBootAware="false"
113-->[androidx.profileinstaller:profileinstaller:1.3.0] AndroidManifest.xml:36:13-44
114            android:enabled="true"
114-->[androidx.profileinstaller:profileinstaller:1.3.0] AndroidManifest.xml:37:13-35
115            android:exported="true"
115-->[androidx.profileinstaller:profileinstaller:1.3.0] AndroidManifest.xml:38:13-36
116            android:permission="android.permission.DUMP" >
116-->[androidx.profileinstaller:profileinstaller:1.3.0] AndroidManifest.xml:39:13-57
117            <intent-filter>
117-->[androidx.profileinstaller:profileinstaller:1.3.0] AndroidManifest.xml:40:13-42:29
118                <action android:name="androidx.profileinstaller.action.INSTALL_PROFILE" />
118-->[androidx.profileinstaller:profileinstaller:1.3.0] AndroidManifest.xml:41:17-91
118-->[androidx.profileinstaller:profileinstaller:1.3.0] AndroidManifest.xml:41:25-88
119            </intent-filter>
120            <intent-filter>
120-->[androidx.profileinstaller:profileinstaller:1.3.0] AndroidManifest.xml:43:13-45:29
121                <action android:name="androidx.profileinstaller.action.SKIP_FILE" />
121-->[androidx.profileinstaller:profileinstaller:1.3.0] AndroidManifest.xml:44:17-85
121-->[androidx.profileinstaller:profileinstaller:1.3.0] AndroidManifest.xml:44:25-82
122            </intent-filter>
123            <intent-filter>
123-->[androidx.profileinstaller:profileinstaller:1.3.0] AndroidManifest.xml:46:13-48:29
124                <action android:name="androidx.profileinstaller.action.SAVE_PROFILE" />
124-->[androidx.profileinstaller:profileinstaller:1.3.0] AndroidManifest.xml:47:17-88
124-->[androidx.profileinstaller:profileinstaller:1.3.0] AndroidManifest.xml:47:25-85
125            </intent-filter>
126            <intent-filter>
126-->[androidx.profileinstaller:profileinstaller:1.3.0] AndroidManifest.xml:49:13-51:29
127                <action android:name="androidx.profileinstaller.action.BENCHMARK_OPERATION" />
127-->[androidx.profileinstaller:profileinstaller:1.3.0] AndroidManifest.xml:50:17-95
127-->[androidx.profileinstaller:profileinstaller:1.3.0] AndroidManifest.xml:50:25-92
128            </intent-filter>
129        </receiver>
130    </application>
131
132</manifest>